-- Selecting Windows SDK version 10.0.18362.0 to target Windows 10.0.19043.
-- Configuring done
-- Generating done
-- Build files have been written to: D:/dev/looney/build
-- Cache values
CMAKE_AR:FILEPATH=C:/Program Files (x86)/Microsoft Visual Studio/2019/Community/VC/Tools/MSVC/14.29.30037/bin/Hostx64/x64/lib.exe
CMAKE_CONFIGURATION_TYPES:STRING=Debug;Release;MinSizeRel;RelWithDebInfo
CMAKE_CXX_FLAGS:STRING=/DWIN32 /D_WINDOWS /EHsc
CMAKE_CXX_FLAGS_DEBUG:STRING=/Zi /Ob0 /Od /RTC1
CMAKE_CXX_FLAGS_MINSIZEREL:STRING=/O1 /Ob1 /DNDEBUG
CMAKE_CXX_FLAGS_RELEASE:STRING=/O2 /Ob2 /DNDEBUG
CMAKE_CXX_FLAGS_RELWITHDEBINFO:STRING=/Zi /O2 /Ob1 /DNDEBUG
CMAKE_CXX_STANDARD_LIBRARIES:STRING=kernel32.lib user32.lib gdi32.lib winspool.lib shell32.lib ole32.lib oleaut32.lib uuid.lib comdlg32.lib advapi32.lib
CMAKE_C_FLAGS:STRING=/DWIN32 /D_WINDOWS
CMAKE_C_FLAGS_DEBUG:STRING=/Zi /Ob0 /Od /RTC1
CMAKE_C_FLAGS_MINSIZEREL:STRING=/O1 /Ob1 /DNDEBUG
CMAKE_C_FLAGS_RELEASE:STRING=/O2 /Ob2 /DNDEBUG
CMAKE_C_FLAGS_RELWITHDEBINFO:STRING=/Zi /O2 /Ob1 /DNDEBUG
CMAKE_C_STANDARD_LIBRARIES:STRING=kernel32.lib user32.lib gdi32.lib winspool.lib shell32.lib ole32.lib oleaut32.lib uuid.lib comdlg32.lib advapi32.lib
CMAKE_EXE_LINKER_FLAGS:STRING=/machine:x64
CMAKE_EXE_LINKER_FLAGS_DEBUG:STRING=/debug /INCREMENTAL
CMAKE_EXE_LINKER_FLAGS_MINSIZEREL:STRING=/INCREMENTAL:NO
CMAKE_EXE_LINKER_FLAGS_RELEASE:STRING=/INCREMENTAL:NO
CMAKE_EXE_LINKER_FLAGS_RELWITHDEBINFO:STRING=/debug /INCREMENTAL
CMAKE_INSTALL_BINDIR:PATH=bin
CMAKE_INSTALL_DATADIR:PATH=
CMAKE_INSTALL_DATAROOTDIR:PATH=share
CMAKE_INSTALL_DOCDIR:PATH=
CMAKE_INSTALL_INCLUDEDIR:PATH=include
CMAKE_INSTALL_INFODIR:PATH=
CMAKE_INSTALL_LIBDIR:PATH=lib
CMAKE_INSTALL_LIBEXECDIR:PATH=libexec
CMAKE_INSTALL_LOCALEDIR:PATH=
CMAKE_INSTALL_LOCALSTATEDIR:PATH=var
CMAKE_INSTALL_MANDIR:PATH=
CMAKE_INSTALL_OLDINCLUDEDIR:PATH=/usr/include
CMAKE_INSTALL_PREFIX:PATH=C:/Program Files (x86)/looney-proj
CMAKE_INSTALL_RUNSTATEDIR:PATH=
CMAKE_INSTALL_SBINDIR:PATH=sbin
CMAKE_INSTALL_SHAREDSTATEDIR:PATH=com
CMAKE_INSTALL_SYSCONFDIR:PATH=etc
CMAKE_LINKER:FILEPATH=C:/Program Files (x86)/Microsoft Visual Studio/2019/Community/VC/Tools/MSVC/14.29.30037/bin/Hostx64/x64/link.exe
CMAKE_MODULE_LINKER_FLAGS:STRING=/machine:x64
CMAKE_MODULE_LINKER_FLAGS_DEBUG:STRING=/debug /INCREMENTAL
CMAKE_MODULE_LINKER_FLAGS_MINSIZEREL:STRING=/INCREMENTAL:NO
CMAKE_MODULE_LINKER_FLAGS_RELEASE:STRING=/INCREMENTAL:NO
CMAKE_MODULE_LINKER_FLAGS_RELWITHDEBINFO:STRING=/debug /INCREMENTAL
CMAKE_MT:FILEPATH=CMAKE_MT-NOTFOUND
CMAKE_RC_COMPILER:FILEPATH=rc
CMAKE_RC_FLAGS:STRING=-DWIN32
CMAKE_RC_FLAGS_DEBUG:STRING=-D_DEBUG
CMAKE_RC_FLAGS_MINSIZEREL:STRING=
CMAKE_RC_FLAGS_RELEASE:STRING=
CMAKE_RC_FLAGS_RELWITHDEBINFO:STRING=
CMAKE_SHARED_LINKER_FLAGS:STRING=/machine:x64
CMAKE_SHARED_LINKER_FLAGS_DEBUG:STRING=/debug /INCREMENTAL
CMAKE_SHARED_LINKER_FLAGS_MINSIZEREL:STRING=/INCREMENTAL:NO
CMAKE_SHARED_LINKER_FLAGS_RELEASE:STRING=/INCREMENTAL:NO
CMAKE_SHARED_LINKER_FLAGS_RELWITHDEBINFO:STRING=/debug /INCREMENTAL
CMAKE_SKIP_INSTALL_RPATH:BOOL=NO
CMAKE_SKIP_RPATH:BOOL=NO
CMAKE_STATIC_LINKER_FLAGS:STRING=/machine:x64
CMAKE_STATIC_LINKER_FLAGS_DEBUG:STRING=
CMAKE_STATIC_LINKER_FLAGS_MINSIZEREL:STRING=
CMAKE_STATIC_LINKER_FLAGS_RELEASE:STRING=
CMAKE_STATIC_LINKER_FLAGS_RELWITHDEBINFO:STRING=
CMAKE_VERBOSE_MAKEFILE:BOOL=FALSE
OPENGL_gl_LIBRARY:STRING=opengl32
OPENGL_glu_LIBRARY:STRING=glu32
