  main.cxx
C:\Users\lvega1\Documents\Git\math\main.cxx(78,24): error C2533: 'dexter::math::number::{ctor}': constructors not allowed a return type
C:\Users\lvega1\Documents\Git\math\main.cxx(83,27): error C2264: 'dexter::math::number::number': error in function definition or declaration; function not called
C:\Users\lvega1\Documents\Git\math\main.cxx(90,13): error C2264: 'dexter::math::number::number': error in function definition or declaration; function not called
C:\Users\lvega1\Documents\Git\math\main.cxx(97,13): error C2264: 'dexter::math::number::number': error in function definition or declaration; function not called
C:\Users\lvega1\Documents\Git\math\main.cxx(104,13): error C2264: 'dexter::math::number::number': error in function definition or declaration; function not called
C:\Users\lvega1\Documents\Git\math\main.cxx(111,13): error C2264: 'dexter::math::number::number': error in function definition or declaration; function not called
C:\Users\lvega1\Documents\Git\math\main.cxx(118,13): error C2264: 'dexter::math::number::number': error in function definition or declaration; function not called
C:\Users\lvega1\Documents\Git\math\main.cxx(125,13): error C2264: 'dexter::math::number::number': error in function definition or declaration; function not called
C:\Users\lvega1\Documents\Git\math\main.cxx(132,13): error C2264: 'dexter::math::number::number': error in function definition or declaration; function not called
C:\Users\lvega1\Documents\Git\math\main.cxx(139,13): error C2264: 'dexter::math::number::number': error in function definition or declaration; function not called
C:\Users\lvega1\Documents\Git\math\main.cxx(146,13): error C2264: 'dexter::math::number::number': error in function definition or declaration; function not called
C:\Users\lvega1\Documents\Git\math\main.cxx(154,13): error C2264: 'dexter::math::number::number': error in function definition or declaration; function not called
C:\Users\lvega1\Documents\Git\math\main.cxx(161,13): error C2264: 'dexter::math::number::number': error in function definition or declaration; function not called
C:\Users\lvega1\Documents\Git\math\main.cxx(168,13): error C2264: 'dexter::math::number::number': error in function definition or declaration; function not called
C:\Users\lvega1\Documents\Git\math\main.cxx(175,13): error C2264: 'dexter::math::number::number': error in function definition or declaration; function not called
C:\Users\lvega1\Documents\Git\math\main.cxx(184,13): error C2264: 'dexter::math::number::number': error in function definition or declaration; function not called
C:\Users\lvega1\Documents\Git\math\main.cxx(211,4): error C2255: 'friend': not allowed outside of a class definition
C:\Users\lvega1\Documents\Git\math\main.cxx(211,52): error C4430: missing type specifier - int assumed. Note: C++ does not support default-int
C:\Users\lvega1\Documents\Git\math\main.cxx(211,52): error C2143: syntax error: missing ',' before '&'
C:\Users\lvega1\Documents\Git\math\main.cxx(211,58): error C4430: missing type specifier - int assumed. Note: C++ does not support default-int
C:\Users\lvega1\Documents\Git\math\main.cxx(219,24): error C2264: 'dexter::math::number::number': error in function definition or declaration; function not called
C:\Users\lvega1\Documents\Git\math\main.cxx(219,27): error C2264: 'dexter::math::number::number': error in function definition or declaration; function not called
C:\Users\lvega1\Documents\Git\math\main.cxx(219,30): error C2264: 'dexter::math::number::number': error in function definition or declaration; function not called
C:\Users\lvega1\Documents\Git\math\main.cxx(221,13): error C2664: 'dexter::math::number dexter::math::number::add(const dexter::math::number::value_t &) const': cannot convert argument 1 from 'dexter::math::number' to 'const dexter::math::number::value_t &'
C:\Users\lvega1\Documents\Git\math\main.cxx(221,13): message : Reason: cannot convert from 'dexter::math::number' to 'const dexter::math::number::value_t'
C:\Users\lvega1\Documents\Git\math\main.cxx(221,12): message : No user-defined-conversion operator available that can perform this conversion, or the operator cannot be called
C:\Users\lvega1\Documents\Git\math\main.cxx(95,24): message : see declaration of 'dexter::math::number::add'
